[2026-06-16T01:17:02.286209] TO: ['mejre8@gmail.com'] SUBJECT: 134559 is your STROKE verification code
FROM: onboarding@resend.dev
HTML_LENGTH: 1507
--------------------------------------------------------------------------------
[2026-07-04T07:23:43.315453] TO: ['mejre8@gmail.com'] SUBJECT: 203830 is your STROKE verification code
FROM: onboarding@resend.dev
HTML_LENGTH: 1504
--------------------------------------------------------------------------------
[2026-07-04T07:29:16.561283] TO: ['mejre8@gmail.com'] SUBJECT: 711256 is your STROKE verification code
FROM: onboarding@resend.dev
HTML_LENGTH: 1504
--------------------------------------------------------------------------------
[2026-07-04T07:34:05.920146] TO: ['mejre8@gmail.com'] SUBJECT: 945625 is your STROKE verification code
FROM: onboarding@resend.dev
HTML_LENGTH: 1504
--------------------------------------------------------------------------------
[2026-07-05T02:10:00.973527] TO: ['previewtester@example.com'] SUBJECT: 483518 is your STROKE verification code
FROM: onboarding@resend.dev
HTML_LENGTH: 1514
--------------------------------------------------------------------------------
[2026-07-05T02:26:55.511078] TO: ['previewtester2@example.com'] SUBJECT: 538305 is your STROKE verification code
FROM: onboarding@resend.dev
HTML_LENGTH: 1515
--------------------------------------------------------------------------------
[2026-07-05T02:39:25.687995] TO: ['previewtester3@example.com'] SUBJECT: 434427 is your STROKE verification code
FROM: onboarding@resend.dev
HTML_LENGTH: 1515
--------------------------------------------------------------------------------
[2026-07-05T02:52:36.818162] TO: ['previewtester4@example.com'] SUBJECT: 514333 is your STROKE verification code
FROM: onboarding@resend.dev
HTML_LENGTH: 1515
--------------------------------------------------------------------------------
[2026-07-05T08:57:38.162127] TO: ['previewtester5@example.com'] SUBJECT: 657050 is your STROKE verification code
FROM: onboarding@resend.dev
HTML_LENGTH: 2024
--------------------------------------------------------------------------------
[2026-07-05T09:36:43.665968] TO: ['previewtester6@example.com'] SUBJECT: 897865 is your STROKE verification code
FROM: onboarding@resend.dev
HTML_LENGTH: 2024
--------------------------------------------------------------------------------
[2026-07-05T21:02:54.260111] TO: ['testswimmer@example.com'] SUBJECT: 268550 is your STROKE verification code
FROM: onboarding@resend.dev
HTML_LENGTH: 2021
--------------------------------------------------------------------------------
[2026-07-05T21:50:53.526151] TO: ['qatester@example.com'] SUBJECT: 846318 is your STROKE verification code
FROM: onboarding@resend.dev
HTML_LENGTH: 2018
--------------------------------------------------------------------------------
[2026-07-06T05:50:09.462570] TO: ['otheruser1@example.com'] SUBJECT: 993821 is your STROKE verification code
FROM: onboarding@resend.dev
HTML_LENGTH: 2020
--------------------------------------------------------------------------------
[2026-07-08T04:12:48.688433] TO: ['dannystreletsky@gmail.com'] SUBJECT: 452993 is your STROKE verification code
FROM: onboarding@resend.dev
HTML_LENGTH: 2014
--------------------------------------------------------------------------------
